

Started GET "/" for 127.0.0.1 at 2016-09-19 08:27:11 +0700
Processing by Rails::WelcomeController#index as HTML
  Rendered /var/lib/gems/2.3.0/gems/railties-4.2.2/lib/rails/templates/rails/welcome/index.html.erb (2.5ms)
Completed 200 OK in 79ms (Views: 46.1ms | ActiveRecord: 0.0ms)


Started GET "/" for 127.0.0.1 at 2016-09-19 08:29:05 +0700
Processing by ApplicationController#hello as HTML
  Rendered text template (0.0ms)
Completed 200 OK in 40ms (Views: 29.1ms | ActiveRecord: 0.0ms)
  [1m[36m (99.7ms)[0m  [1mCREATE TABLE "schema_migrations" ("version" varchar NOT NULL) [0m
  [1m[35m (0.2ms)[0m  select sqlite_version(*)
  [1m[36m (88.6ms)[0m  [1mCREATE UNIQUE INDEX "unique_schema_migrations" ON "schema_migrations" ("version")[0m
  [1m[35mActiveRecord::SchemaMigration Load (0.2ms)[0m  SELECT "schema_migrations".* FROM "schema_migrations"
Migrating to CreateUsers (20160919013234)
  [1m[36m (0.2ms)[0m  [1mbegin transaction[0m
  [1m[35m (0.5ms)[0m  CREATE TABLE "users" ("id" INTEGER PRIMARY KEY AUTOINCREMENT NOT NULL, "name" varchar, "email" varchar, "created_at" datetime NOT NULL, "updated_at" datetime NOT NULL) 
  [1m[36mSQL (0.2ms)[0m  [1mINSERT INTO "schema_migrations" ("version") VALUES (?)[0m  [["version", "20160919013234"]]
  [1m[35m (87.7ms)[0m  commit transaction
  [1m[36mActiveRecord::SchemaMigration Load (0.1ms)[0m  [1mSELECT "schema_migrations".* FROM "schema_migrations"[0m


Started GET "/users" for 127.0.0.1 at 2016-09-19 08:33:16 +0700
  [1m[36mActiveRecord::SchemaMigration Load (0.1ms)[0m  [1mSELECT "schema_migrations".* FROM "schema_migrations"[0m
Processing by UsersController#index as HTML
  [1m[35mUser Load (0.2ms)[0m  SELECT "users".* FROM "users"
  Rendered users/index.html.erb within layouts/application (4.7ms)
Completed 200 OK in 3436ms (Views: 3423.3ms | ActiveRecord: 0.3ms)


Started GET "/assets/scaffold.self-83b741db49389dc7cfdf85bf7537a0219cce48e085c4116afc83d55c9af47c78.css?body=1" for 127.0.0.1 at 2016-09-19 08:33:20 +0700


Started GET "/assets/users.self-b60acab5af8d245ed2b3012f77d11d8d207d8eada27756badaf4ef05770d60f6.css?body=1" for 127.0.0.1 at 2016-09-19 08:33:20 +0700


Started GET "/assets/application.self-3b8dabdc891efe46b9a144b400ad69e37d7e5876bdc39dee783419a69d7ca819.js?body=1" for 127.0.0.1 at 2016-09-19 08:33:20 +0700


Started GET "/users/new" for 127.0.0.1 at 2016-09-19 08:33:27 +0700
Processing by UsersController#new as HTML
  Rendered users/_form.html.erb (146.4ms)
  Rendered users/new.html.erb within layouts/application (168.5ms)
Completed 200 OK in 197ms (Views: 188.6ms | ActiveRecord: 0.4ms)


Started POST "/users" for 127.0.0.1 at 2016-09-19 08:33:42 +0700
Processing by UsersController#create as HTML
  Parameters: {"utf8"=>"✓", "authenticity_token"=>"Xy8vjggwE28CiyYldEkKPwG1d1Vi9tvPFHLc81YnXDg2fQ4eDsGS73n7bBPrehSJXBirBUL32o/2UnNM5/dU0A==", "user"=>{"name"=>"hanh", "email"=>"hanh@gmail.com"}, "commit"=>"Create User"}
  [1m[36m (0.1ms)[0m  [1mbegin transaction[0m
  [1m[35mSQL (0.4ms)[0m  INSERT INTO "users" ("name", "email", "created_at", "updated_at") VALUES (?, ?, ?, ?)  [["name", "hanh"], ["email", "hanh@gmail.com"], ["created_at", "2016-09-19 01:33:42.824450"], ["updated_at", "2016-09-19 01:33:42.824450"]]
  [1m[36m (225.7ms)[0m  [1mcommit transaction[0m
Redirected to http://localhost:3000/users/1
Completed 302 Found in 233ms (ActiveRecord: 226.2ms)


Started GET "/users/1" for 127.0.0.1 at 2016-09-19 08:33:43 +0700
Processing by UsersController#show as HTML
  Parameters: {"id"=>"1"}
  [1m[35mUser Load (0.3ms)[0m  SELECT  "users".* FROM "users" WHERE "users"."id" = ? LIMIT 1  [["id", 1]]
  Rendered users/show.html.erb within layouts/application (1.3ms)
Completed 200 OK in 99ms (Views: 49.3ms | ActiveRecord: 0.3ms)


Started GET "/users/1/edit" for 127.0.0.1 at 2016-09-19 08:33:54 +0700
Processing by UsersController#edit as HTML
  Parameters: {"id"=>"1"}
  [1m[36mUser Load (0.3ms)[0m  [1mSELECT  "users".* FROM "users" WHERE "users"."id" = ? LIMIT 1[0m  [["id", 1]]
  Rendered users/_form.html.erb (3.4ms)
  Rendered users/edit.html.erb within layouts/application (6.7ms)
Completed 200 OK in 45ms (Views: 41.3ms | ActiveRecord: 0.3ms)


Started PATCH "/users/1" for 127.0.0.1 at 2016-09-19 08:34:03 +0700
Processing by UsersController#update as HTML
  Parameters: {"utf8"=>"✓", "authenticity_token"=>"nqnID2T18QjWpJblhPHHL3Kooj4DZCnqPE8WxJCNpfr3++mfYgRwiK3U3NMbwtmZLwV+biNlKKreb7l7IV2tEg==", "user"=>{"name"=>"hanhtran", "email"=>"hanh@gmail.com"}, "commit"=>"Update User", "id"=>"1"}
  [1m[35mUser Load (0.2ms)[0m  SELECT  "users".* FROM "users" WHERE "users"."id" = ? LIMIT 1  [["id", 1]]
  [1m[36m (0.1ms)[0m  [1mbegin transaction[0m
  [1m[35mSQL (0.5ms)[0m  UPDATE "users" SET "name" = ?, "updated_at" = ? WHERE "users"."id" = ?  [["name", "hanhtran"], ["updated_at", "2016-09-19 01:34:03.285171"], ["id", 1]]
  [1m[36m (187.7ms)[0m  [1mcommit transaction[0m
Redirected to http://localhost:3000/users/1
Completed 302 Found in 198ms (ActiveRecord: 188.4ms)


Started GET "/users/1" for 127.0.0.1 at 2016-09-19 08:34:03 +0700
Processing by UsersController#show as HTML
  Parameters: {"id"=>"1"}
  [1m[35mUser Load (0.2ms)[0m  SELECT  "users".* FROM "users" WHERE "users"."id" = ? LIMIT 1  [["id", 1]]
  Rendered users/show.html.erb within layouts/application (0.4ms)
Completed 200 OK in 37ms (Views: 35.2ms | ActiveRecord: 0.2ms)


Started GET "/users" for 127.0.0.1 at 2016-09-19 08:34:10 +0700
Processing by UsersController#index as HTML
  [1m[36mUser Load (0.3ms)[0m  [1mSELECT "users".* FROM "users"[0m
  Rendered users/index.html.erb within layouts/application (5.1ms)
Completed 200 OK in 47ms (Views: 44.9ms | ActiveRecord: 0.3ms)
  [1m[36mActiveRecord::SchemaMigration Load (0.1ms)[0m  [1mSELECT "schema_migrations".* FROM "schema_migrations"[0m
Migrating to CreateMicroposts (20160919013741)
  [1m[35m (0.1ms)[0m  begin transaction
  [1m[36m (0.4ms)[0m  [1mCREATE TABLE "microposts" ("id" INTEGER PRIMARY KEY AUTOINCREMENT NOT NULL, "content" text, "user_id" integer, "created_at" datetime NOT NULL, "updated_at" datetime NOT NULL) [0m
  [1m[35mSQL (0.2ms)[0m  INSERT INTO "schema_migrations" ("version") VALUES (?)  [["version", "20160919013741"]]
  [1m[36m (101.7ms)[0m  [1mcommit transaction[0m
  [1m[35mActiveRecord::SchemaMigration Load (0.2ms)[0m  SELECT "schema_migrations".* FROM "schema_migrations"


Started GET "/microposts/new" for 127.0.0.1 at 2016-09-19 08:38:25 +0700
  [1m[36mActiveRecord::SchemaMigration Load (0.1ms)[0m  [1mSELECT "schema_migrations".* FROM "schema_migrations"[0m
Processing by MicropostsController#new as HTML
  Rendered microposts/_form.html.erb (46.3ms)
  Rendered microposts/new.html.erb within layouts/application (54.1ms)
Completed 200 OK in 582ms (Views: 563.9ms | ActiveRecord: 0.4ms)


Started GET "/assets/microposts.self-b60acab5af8d245ed2b3012f77d11d8d207d8eada27756badaf4ef05770d60f6.css?body=1" for 127.0.0.1 at 2016-09-19 08:38:26 +0700


Started GET "/assets/scaffold.self-83b741db49389dc7cfdf85bf7537a0219cce48e085c4116afc83d55c9af47c78.css?body=1" for 127.0.0.1 at 2016-09-19 08:38:26 +0700


Started GET "/assets/jquery_ujs.self-8e98a7a072a6cee1372d19fff9ff3e6aa1e39a37d89d6f06861637d061113ee7.js?body=1" for 127.0.0.1 at 2016-09-19 08:38:26 +0700


Started GET "/assets/application.self-e80e8f2318043e8af94dddc2adad5a4f09739a8ebb323b3ab31cd71d45fd9113.css?body=1" for 127.0.0.1 at 2016-09-19 08:38:26 +0700


Started GET "/assets/users.self-b60acab5af8d245ed2b3012f77d11d8d207d8eada27756badaf4ef05770d60f6.css?body=1" for 127.0.0.1 at 2016-09-19 08:38:26 +0700


Started GET "/assets/jquery.self-d03a5518f45df77341bdbe6201ba3bfa547ebba8ed64f0ea56bfa5f96ea7c074.js?body=1" for 127.0.0.1 at 2016-09-19 08:38:26 +0700


Started GET "/assets/turbolinks.self-c846e670826600e8c91b1a5ada3e6547110d996cd6ff24cde55024f7a135a1b4.js?body=1" for 127.0.0.1 at 2016-09-19 08:38:26 +0700


Started GET "/assets/users.self-877aef30ae1b040ab8a3aba4e3e309a11d7f2612f44dde450b5c157aa5f95c05.js?body=1" for 127.0.0.1 at 2016-09-19 08:38:26 +0700


Started GET "/assets/application.self-3b8dabdc891efe46b9a144b400ad69e37d7e5876bdc39dee783419a69d7ca819.js?body=1" for 127.0.0.1 at 2016-09-19 08:38:26 +0700


Started GET "/assets/microposts.self-877aef30ae1b040ab8a3aba4e3e309a11d7f2612f44dde450b5c157aa5f95c05.js?body=1" for 127.0.0.1 at 2016-09-19 08:38:27 +0700


Started GET "/users" for 127.0.0.1 at 2016-09-19 08:43:29 +0700
  [1m[36mActiveRecord::SchemaMigration Load (0.2ms)[0m  [1mSELECT "schema_migrations".* FROM "schema_migrations"[0m
Processing by UsersController#index as HTML
  [1m[35mUser Load (0.2ms)[0m  SELECT "users".* FROM "users"
  Rendered users/index.html.erb within layouts/application (16.7ms)
Completed 200 OK in 536ms (Views: 481.8ms | ActiveRecord: 0.5ms)


Started GET "/assets/microposts.self-b60acab5af8d245ed2b3012f77d11d8d207d8eada27756badaf4ef05770d60f6.css?body=1" for 127.0.0.1 at 2016-09-19 08:43:30 +0700


Started GET "/assets/scaffold.self-83b741db49389dc7cfdf85bf7537a0219cce48e085c4116afc83d55c9af47c78.css?body=1" for 127.0.0.1 at 2016-09-19 08:43:30 +0700


Started GET "/assets/jquery.self-d03a5518f45df77341bdbe6201ba3bfa547ebba8ed64f0ea56bfa5f96ea7c074.js?body=1" for 127.0.0.1 at 2016-09-19 08:43:30 +0700


Started GET "/assets/application.self-e80e8f2318043e8af94dddc2adad5a4f09739a8ebb323b3ab31cd71d45fd9113.css?body=1" for 127.0.0.1 at 2016-09-19 08:43:30 +0700


Started GET "/assets/users.self-b60acab5af8d245ed2b3012f77d11d8d207d8eada27756badaf4ef05770d60f6.css?body=1" for 127.0.0.1 at 2016-09-19 08:43:30 +0700


Started GET "/assets/jquery_ujs.self-8e98a7a072a6cee1372d19fff9ff3e6aa1e39a37d89d6f06861637d061113ee7.js?body=1" for 127.0.0.1 at 2016-09-19 08:43:30 +0700


Started GET "/assets/turbolinks.self-c846e670826600e8c91b1a5ada3e6547110d996cd6ff24cde55024f7a135a1b4.js?body=1" for 127.0.0.1 at 2016-09-19 08:43:30 +0700


Started GET "/assets/microposts.self-877aef30ae1b040ab8a3aba4e3e309a11d7f2612f44dde450b5c157aa5f95c05.js?body=1" for 127.0.0.1 at 2016-09-19 08:43:30 +0700


Started GET "/assets/application.self-3b8dabdc891efe46b9a144b400ad69e37d7e5876bdc39dee783419a69d7ca819.js?body=1" for 127.0.0.1 at 2016-09-19 08:43:30 +0700


Started GET "/assets/users.self-877aef30ae1b040ab8a3aba4e3e309a11d7f2612f44dde450b5c157aa5f95c05.js?body=1" for 127.0.0.1 at 2016-09-19 08:43:30 +0700


Started GET "/users" for 127.0.0.1 at 2016-09-19 08:43:32 +0700
Processing by UsersController#index as HTML
  [1m[36mUser Load (0.3ms)[0m  [1mSELECT "users".* FROM "users"[0m
  Rendered users/index.html.erb within layouts/application (3.1ms)
Completed 200 OK in 38ms (Views: 36.0ms | ActiveRecord: 0.3ms)


Started GET "/assets/microposts.self-b60acab5af8d245ed2b3012f77d11d8d207d8eada27756badaf4ef05770d60f6.css?body=1" for 127.0.0.1 at 2016-09-19 08:43:32 +0700


Started GET "/assets/users.self-b60acab5af8d245ed2b3012f77d11d8d207d8eada27756badaf4ef05770d60f6.css?body=1" for 127.0.0.1 at 2016-09-19 08:43:32 +0700


Started GET "/assets/jquery_ujs.self-8e98a7a072a6cee1372d19fff9ff3e6aa1e39a37d89d6f06861637d061113ee7.js?body=1" for 127.0.0.1 at 2016-09-19 08:43:32 +0700


Started GET "/assets/jquery.self-d03a5518f45df77341bdbe6201ba3bfa547ebba8ed64f0ea56bfa5f96ea7c074.js?body=1" for 127.0.0.1 at 2016-09-19 08:43:32 +0700


Started GET "/assets/application.self-e80e8f2318043e8af94dddc2adad5a4f09739a8ebb323b3ab31cd71d45fd9113.css?body=1" for 127.0.0.1 at 2016-09-19 08:43:32 +0700


Started GET "/assets/scaffold.self-83b741db49389dc7cfdf85bf7537a0219cce48e085c4116afc83d55c9af47c78.css?body=1" for 127.0.0.1 at 2016-09-19 08:43:32 +0700


Started GET "/assets/turbolinks.self-c846e670826600e8c91b1a5ada3e6547110d996cd6ff24cde55024f7a135a1b4.js?body=1" for 127.0.0.1 at 2016-09-19 08:43:32 +0700


Started GET "/assets/microposts.self-877aef30ae1b040ab8a3aba4e3e309a11d7f2612f44dde450b5c157aa5f95c05.js?body=1" for 127.0.0.1 at 2016-09-19 08:43:32 +0700


Started GET "/assets/users.self-877aef30ae1b040ab8a3aba4e3e309a11d7f2612f44dde450b5c157aa5f95c05.js?body=1" for 127.0.0.1 at 2016-09-19 08:43:32 +0700


Started GET "/assets/application.self-3b8dabdc891efe46b9a144b400ad69e37d7e5876bdc39dee783419a69d7ca819.js?body=1" for 127.0.0.1 at 2016-09-19 08:43:32 +0700


Started GET "/users/new" for 127.0.0.1 at 2016-09-19 08:43:33 +0700
Processing by UsersController#new as HTML
  Rendered users/_form.html.erb (17.7ms)
  Rendered users/new.html.erb within layouts/application (387.6ms)
Completed 200 OK in 453ms (Views: 441.5ms | ActiveRecord: 0.0ms)


Started POST "/users" for 127.0.0.1 at 2016-09-19 08:43:35 +0700
Processing by UsersController#create as HTML
  Parameters: {"utf8"=>"✓", "authenticity_token"=>"RSY9Qr4h4/YEy6G0mpR6WdDgbYGvO0k+0IN5+GT/UHgsdBzSuNBidn+764IFp2TvjU2x0Y86SH4yo9ZH1S9YkA==", "user"=>{"name"=>"", "email"=>""}, "commit"=>"Create User"}
  [1m[35m (0.1ms)[0m  begin transaction
  [1m[36m (0.1ms)[0m  [1mrollback transaction[0m
Completed 500 Internal Server Error in 12ms (ActiveRecord: 0.2ms)

NoMethodError (undefined method `content' for #<User:0x007fdc0174d198>
Did you mean?  concern):
  app/controllers/users_controller.rb:30:in `block in create'
  app/controllers/users_controller.rb:29:in `create'


  Rendered /var/lib/gems/2.3.0/gems/web-console-2.0.0.beta3/lib/action_dispatch/templates/rescues/_source.erb (22.6ms)
  Rendered /var/lib/gems/2.3.0/gems/web-console-2.0.0.beta3/lib/action_dispatch/templates/rescues/_trace.html.erb (12.3ms)
  Rendered /var/lib/gems/2.3.0/gems/web-console-2.0.0.beta3/lib/action_dispatch/templates/rescues/_request_and_response.html.erb (4.0ms)
  Rendered /var/lib/gems/2.3.0/gems/web-console-2.0.0.beta3/lib/action_dispatch/templates/rescues/_web_console.html.erb (2.4ms)
  Rendered /var/lib/gems/2.3.0/gems/web-console-2.0.0.beta3/lib/action_dispatch/templates/rescues/diagnostics.html.erb within rescues/layout (83.3ms)


Started GET "/microposts" for 127.0.0.1 at 2016-09-19 08:45:54 +0700
Processing by MicropostsController#index as HTML
  [1m[35mMicropost Load (0.4ms)[0m  SELECT "microposts".* FROM "microposts"
  Rendered microposts/index.html.erb within layouts/application (4.7ms)
Completed 200 OK in 103ms (Views: 70.0ms | ActiveRecord: 0.5ms)


Started GET "/microposts/new" for 127.0.0.1 at 2016-09-19 08:45:57 +0700
Processing by MicropostsController#new as HTML
  Rendered microposts/_form.html.erb (43.6ms)
  Rendered microposts/new.html.erb within layouts/application (45.9ms)
Completed 200 OK in 83ms (Views: 75.3ms | ActiveRecord: 0.4ms)


Started POST "/microposts" for 127.0.0.1 at 2016-09-19 08:46:03 +0700
Processing by MicropostsController#create as HTML
  Parameters: {"utf8"=>"✓", "authenticity_token"=>"5x7SGHlW/OyzgHjlnf1OY7HqNTPfnmx1MLeTX0UxOdqOTPOIf6d9bMjwMtMCzlDV7EfpY/+fbTXSlzzg9OExMg==", "micropost"=>{"content"=>"", "user_id"=>""}, "commit"=>"Create Micropost"}
  [1m[36m (0.1ms)[0m  [1mbegin transaction[0m
  [1m[35m (0.2ms)[0m  rollback transaction
  Rendered microposts/_form.html.erb (6.7ms)
  Rendered microposts/new.html.erb within layouts/application (10.2ms)
Completed 200 OK in 62ms (Views: 54.6ms | ActiveRecord: 0.3ms)


Started GET "/users/new" for 127.0.0.1 at 2016-09-19 08:46:08 +0700
Processing by UsersController#new as HTML
  Rendered users/_form.html.erb (3.6ms)
  Rendered users/new.html.erb within layouts/application (5.4ms)
Completed 200 OK in 44ms (Views: 34.1ms | ActiveRecord: 0.3ms)


Started GET "/assets/microposts.self-b60acab5af8d245ed2b3012f77d11d8d207d8eada27756badaf4ef05770d60f6.css?body=1" for 127.0.0.1 at 2016-09-19 08:46:08 +0700


Started GET "/assets/users.self-b60acab5af8d245ed2b3012f77d11d8d207d8eada27756badaf4ef05770d60f6.css?body=1" for 127.0.0.1 at 2016-09-19 08:46:08 +0700


Started GET "/assets/scaffold.self-83b741db49389dc7cfdf85bf7537a0219cce48e085c4116afc83d55c9af47c78.css?body=1" for 127.0.0.1 at 2016-09-19 08:46:08 +0700


Started GET "/assets/jquery_ujs.self-8e98a7a072a6cee1372d19fff9ff3e6aa1e39a37d89d6f06861637d061113ee7.js?body=1" for 127.0.0.1 at 2016-09-19 08:46:08 +0700


Started GET "/assets/application.self-e80e8f2318043e8af94dddc2adad5a4f09739a8ebb323b3ab31cd71d45fd9113.css?body=1" for 127.0.0.1 at 2016-09-19 08:46:08 +0700


Started GET "/assets/jquery.self-d03a5518f45df77341bdbe6201ba3bfa547ebba8ed64f0ea56bfa5f96ea7c074.js?body=1" for 127.0.0.1 at 2016-09-19 08:46:08 +0700


Started GET "/assets/turbolinks.self-c846e670826600e8c91b1a5ada3e6547110d996cd6ff24cde55024f7a135a1b4.js?body=1" for 127.0.0.1 at 2016-09-19 08:46:08 +0700


Started GET "/assets/microposts.self-877aef30ae1b040ab8a3aba4e3e309a11d7f2612f44dde450b5c157aa5f95c05.js?body=1" for 127.0.0.1 at 2016-09-19 08:46:08 +0700


Started GET "/assets/users.self-877aef30ae1b040ab8a3aba4e3e309a11d7f2612f44dde450b5c157aa5f95c05.js?body=1" for 127.0.0.1 at 2016-09-19 08:46:08 +0700


Started GET "/assets/application.self-3b8dabdc891efe46b9a144b400ad69e37d7e5876bdc39dee783419a69d7ca819.js?body=1" for 127.0.0.1 at 2016-09-19 08:46:08 +0700


Started GET "/users/new" for 127.0.0.1 at 2016-09-19 08:46:09 +0700
Processing by UsersController#new as HTML
  Rendered users/_form.html.erb (4.0ms)
  Rendered users/new.html.erb within layouts/application (5.9ms)
Completed 200 OK in 48ms (Views: 46.9ms | ActiveRecord: 0.0ms)


Started GET "/assets/microposts.self-b60acab5af8d245ed2b3012f77d11d8d207d8eada27756badaf4ef05770d60f6.css?body=1" for 127.0.0.1 at 2016-09-19 08:46:09 +0700


Started GET "/assets/jquery.self-d03a5518f45df77341bdbe6201ba3bfa547ebba8ed64f0ea56bfa5f96ea7c074.js?body=1" for 127.0.0.1 at 2016-09-19 08:46:09 +0700


Started GET "/assets/application.self-e80e8f2318043e8af94dddc2adad5a4f09739a8ebb323b3ab31cd71d45fd9113.css?body=1" for 127.0.0.1 at 2016-09-19 08:46:09 +0700


Started GET "/assets/scaffold.self-83b741db49389dc7cfdf85bf7537a0219cce48e085c4116afc83d55c9af47c78.css?body=1" for 127.0.0.1 at 2016-09-19 08:46:09 +0700


Started GET "/assets/users.self-b60acab5af8d245ed2b3012f77d11d8d207d8eada27756badaf4ef05770d60f6.css?body=1" for 127.0.0.1 at 2016-09-19 08:46:09 +0700


Started GET "/assets/jquery_ujs.self-8e98a7a072a6cee1372d19fff9ff3e6aa1e39a37d89d6f06861637d061113ee7.js?body=1" for 127.0.0.1 at 2016-09-19 08:46:09 +0700


Started GET "/assets/turbolinks.self-c846e670826600e8c91b1a5ada3e6547110d996cd6ff24cde55024f7a135a1b4.js?body=1" for 127.0.0.1 at 2016-09-19 08:46:10 +0700


Started GET "/assets/microposts.self-877aef30ae1b040ab8a3aba4e3e309a11d7f2612f44dde450b5c157aa5f95c05.js?body=1" for 127.0.0.1 at 2016-09-19 08:46:10 +0700


Started GET "/assets/users.self-877aef30ae1b040ab8a3aba4e3e309a11d7f2612f44dde450b5c157aa5f95c05.js?body=1" for 127.0.0.1 at 2016-09-19 08:46:10 +0700


Started GET "/assets/application.self-3b8dabdc891efe46b9a144b400ad69e37d7e5876bdc39dee783419a69d7ca819.js?body=1" for 127.0.0.1 at 2016-09-19 08:46:10 +0700


Started POST "/users" for 127.0.0.1 at 2016-09-19 08:46:11 +0700
Processing by UsersController#create as HTML
  Parameters: {"utf8"=>"✓", "authenticity_token"=>"UY7IMRlKv21A+mjjkulk6jUaJpWfZywinM4BMG7eO6g43OmhH7s+7TuKItUN2npcaLf6xb9mLWJ+7q6P3w4zQA==", "user"=>{"name"=>"", "email"=>""}, "commit"=>"Create User"}
  [1m[36m (0.2ms)[0m  [1mbegin transaction[0m
  [1m[35m (0.2ms)[0m  rollback transaction
Completed 500 Internal Server Error in 16ms (ActiveRecord: 0.3ms)

NoMethodError (undefined method `content' for #<User:0x007fdc030c04b8>
Did you mean?  concern):
  app/controllers/users_controller.rb:30:in `block in create'
  app/controllers/users_controller.rb:29:in `create'


  Rendered /var/lib/gems/2.3.0/gems/web-console-2.0.0.beta3/lib/action_dispatch/templates/rescues/_source.erb (8.0ms)
  Rendered /var/lib/gems/2.3.0/gems/web-console-2.0.0.beta3/lib/action_dispatch/templates/rescues/_trace.html.erb (4.4ms)
  Rendered /var/lib/gems/2.3.0/gems/web-console-2.0.0.beta3/lib/action_dispatch/templates/rescues/_request_and_response.html.erb (1.5ms)
  Rendered /var/lib/gems/2.3.0/gems/web-console-2.0.0.beta3/lib/action_dispatch/templates/rescues/_web_console.html.erb (1.2ms)
  Rendered /var/lib/gems/2.3.0/gems/web-console-2.0.0.beta3/lib/action_dispatch/templates/rescues/diagnostics.html.erb within rescues/layout (35.5ms)


Started POST "/users" for 127.0.0.1 at 2016-09-19 08:47:07 +0700
Processing by UsersController#create as HTML
  Parameters: {"utf8"=>"✓", "authenticity_token"=>"UY7IMRlKv21A+mjjkulk6jUaJpWfZywinM4BMG7eO6g43OmhH7s+7TuKItUN2npcaLf6xb9mLWJ+7q6P3w4zQA==", "user"=>{"name"=>"df", "email"=>"dfdf"}, "commit"=>"Create User"}
  [1m[36m (0.1ms)[0m  [1mbegin transaction[0m
  [1m[35m (0.1ms)[0m  rollback transaction
Completed 500 Internal Server Error in 13ms (ActiveRecord: 0.2ms)

NoMethodError (undefined method `content' for #<User:0x007fdc03034260>
Did you mean?  concern):
  app/controllers/users_controller.rb:30:in `block in create'
  app/controllers/users_controller.rb:29:in `create'


  Rendered /var/lib/gems/2.3.0/gems/web-console-2.0.0.beta3/lib/action_dispatch/templates/rescues/_source.erb (9.6ms)
  Rendered /var/lib/gems/2.3.0/gems/web-console-2.0.0.beta3/lib/action_dispatch/templates/rescues/_trace.html.erb (3.9ms)
  Rendered /var/lib/gems/2.3.0/gems/web-console-2.0.0.beta3/lib/action_dispatch/templates/rescues/_request_and_response.html.erb (1.4ms)
  Rendered /var/lib/gems/2.3.0/gems/web-console-2.0.0.beta3/lib/action_dispatch/templates/rescues/_web_console.html.erb (1.2ms)
  Rendered /var/lib/gems/2.3.0/gems/web-console-2.0.0.beta3/lib/action_dispatch/templates/rescues/diagnostics.html.erb within rescues/layout (37.5ms)


Started POST "/users" for 127.0.0.1 at 2016-09-19 08:47:16 +0700
Processing by UsersController#create as HTML
  Parameters: {"utf8"=>"✓", "authenticity_token"=>"UY7IMRlKv21A+mjjkulk6jUaJpWfZywinM4BMG7eO6g43OmhH7s+7TuKItUN2npcaLf6xb9mLWJ+7q6P3w4zQA==", "user"=>{"name"=>"df", "email"=>"dfdf@gmail.com"}, "commit"=>"Create User"}
  [1m[36m (0.2ms)[0m  [1mbegin transaction[0m
  [1m[35m (0.1ms)[0m  rollback transaction
Completed 500 Internal Server Error in 13ms (ActiveRecord: 0.2ms)

NoMethodError (undefined method `content' for #<User:0x007fdc039a0d80>
Did you mean?  concern):
  app/controllers/users_controller.rb:30:in `block in create'
  app/controllers/users_controller.rb:29:in `create'


  Rendered /var/lib/gems/2.3.0/gems/web-console-2.0.0.beta3/lib/action_dispatch/templates/rescues/_source.erb (8.3ms)
  Rendered /var/lib/gems/2.3.0/gems/web-console-2.0.0.beta3/lib/action_dispatch/templates/rescues/_trace.html.erb (3.3ms)
  Rendered /var/lib/gems/2.3.0/gems/web-console-2.0.0.beta3/lib/action_dispatch/templates/rescues/_request_and_response.html.erb (1.5ms)
  Rendered /var/lib/gems/2.3.0/gems/web-console-2.0.0.beta3/lib/action_dispatch/templates/rescues/_web_console.html.erb (1.6ms)
  Rendered /var/lib/gems/2.3.0/gems/web-console-2.0.0.beta3/lib/action_dispatch/templates/rescues/diagnostics.html.erb within rescues/layout (38.1ms)


Started POST "/users" for 127.0.0.1 at 2016-09-19 08:50:27 +0700
Processing by UsersController#create as HTML
  Parameters: {"utf8"=>"✓", "authenticity_token"=>"UY7IMRlKv21A+mjjkulk6jUaJpWfZywinM4BMG7eO6g43OmhH7s+7TuKItUN2npcaLf6xb9mLWJ+7q6P3w4zQA==", "user"=>{"name"=>"df", "email"=>"dfdf@gmail.com"}, "commit"=>"Create User"}
Completed 500 Internal Server Error in 11ms (ActiveRecord: 0.0ms)

NameError (uninitialized constant User::FILL_IN):
  app/models/user.rb:3:in `<class:User>'
  app/models/user.rb:1:in `<top (required)>'
  app/controllers/users_controller.rb:27:in `create'


  Rendered /var/lib/gems/2.3.0/gems/web-console-2.0.0.beta3/lib/action_dispatch/templates/rescues/_source.erb (6.7ms)
  Rendered /var/lib/gems/2.3.0/gems/web-console-2.0.0.beta3/lib/action_dispatch/templates/rescues/_trace.html.erb (2.8ms)
  Rendered /var/lib/gems/2.3.0/gems/web-console-2.0.0.beta3/lib/action_dispatch/templates/rescues/_request_and_response.html.erb (1.3ms)
  Rendered /var/lib/gems/2.3.0/gems/web-console-2.0.0.beta3/lib/action_dispatch/templates/rescues/_web_console.html.erb (1.2ms)
  Rendered /var/lib/gems/2.3.0/gems/web-console-2.0.0.beta3/lib/action_dispatch/templates/rescues/diagnostics.html.erb within rescues/layout (32.6ms)


Started POST "/users" for 127.0.0.1 at 2016-09-19 08:51:13 +0700
Processing by UsersController#create as HTML
  Parameters: {"utf8"=>"✓", "authenticity_token"=>"UY7IMRlKv21A+mjjkulk6jUaJpWfZywinM4BMG7eO6g43OmhH7s+7TuKItUN2npcaLf6xb9mLWJ+7q6P3w4zQA==", "user"=>{"name"=>"df", "email"=>"dfdf@gmail.com"}, "commit"=>"Create User"}
  [1m[36m (0.2ms)[0m  [1mbegin transaction[0m
  [1m[35mSQL (9.8ms)[0m  INSERT INTO "users" ("name", "email", "created_at", "updated_at") VALUES (?, ?, ?, ?)  [["name", "df"], ["email", "dfdf@gmail.com"], ["created_at", "2016-09-19 01:51:13.361102"], ["updated_at", "2016-09-19 01:51:13.361102"]]
  [1m[36m (220.6ms)[0m  [1mcommit transaction[0m
Redirected to http://localhost:3000/users/2
Completed 302 Found in 303ms (ActiveRecord: 231.4ms)


Started GET "/users/2" for 127.0.0.1 at 2016-09-19 08:51:13 +0700
Processing by UsersController#show as HTML
  Parameters: {"id"=>"2"}
  [1m[35mUser Load (0.4ms)[0m  SELECT  "users".* FROM "users" WHERE "users"."id" = ? LIMIT 1  [["id", 2]]
  Rendered users/show.html.erb within layouts/application (1.6ms)
Completed 200 OK in 131ms (Views: 59.2ms | ActiveRecord: 0.4ms)


Started GET "/assets/microposts.self-b60acab5af8d245ed2b3012f77d11d8d207d8eada27756badaf4ef05770d60f6.css?body=1" for 127.0.0.1 at 2016-09-19 08:51:13 +0700


Started GET "/assets/scaffold.self-83b741db49389dc7cfdf85bf7537a0219cce48e085c4116afc83d55c9af47c78.css?body=1" for 127.0.0.1 at 2016-09-19 08:51:13 +0700


Started GET "/assets/turbolinks.self-c846e670826600e8c91b1a5ada3e6547110d996cd6ff24cde55024f7a135a1b4.js?body=1" for 127.0.0.1 at 2016-09-19 08:51:13 +0700


Started GET "/assets/users.self-b60acab5af8d245ed2b3012f77d11d8d207d8eada27756badaf4ef05770d60f6.css?body=1" for 127.0.0.1 at 2016-09-19 08:51:13 +0700


Started GET "/assets/application.self-e80e8f2318043e8af94dddc2adad5a4f09739a8ebb323b3ab31cd71d45fd9113.css?body=1" for 127.0.0.1 at 2016-09-19 08:51:13 +0700


Started GET "/assets/jquery.self-d03a5518f45df77341bdbe6201ba3bfa547ebba8ed64f0ea56bfa5f96ea7c074.js?body=1" for 127.0.0.1 at 2016-09-19 08:51:13 +0700


Started GET "/assets/jquery_ujs.self-8e98a7a072a6cee1372d19fff9ff3e6aa1e39a37d89d6f06861637d061113ee7.js?body=1" for 127.0.0.1 at 2016-09-19 08:51:13 +0700


Started GET "/assets/microposts.self-877aef30ae1b040ab8a3aba4e3e309a11d7f2612f44dde450b5c157aa5f95c05.js?body=1" for 127.0.0.1 at 2016-09-19 08:51:13 +0700


Started GET "/assets/users.self-877aef30ae1b040ab8a3aba4e3e309a11d7f2612f44dde450b5c157aa5f95c05.js?body=1" for 127.0.0.1 at 2016-09-19 08:51:13 +0700


Started GET "/assets/application.self-3b8dabdc891efe46b9a144b400ad69e37d7e5876bdc39dee783419a69d7ca819.js?body=1" for 127.0.0.1 at 2016-09-19 08:51:13 +0700


Started GET "/users" for 127.0.0.1 at 2016-09-19 08:51:19 +0700
Processing by UsersController#index as HTML
  [1m[36mUser Load (0.3ms)[0m  [1mSELECT "users".* FROM "users"[0m
  Rendered users/index.html.erb within layouts/application (2.9ms)
Completed 200 OK in 27ms (Views: 26.0ms | ActiveRecord: 0.3ms)


Started GET "/users/new" for 127.0.0.1 at 2016-09-19 08:51:21 +0700
Processing by UsersController#new as HTML
  Rendered users/_form.html.erb (6.1ms)
  Rendered users/new.html.erb within layouts/application (8.4ms)
Completed 200 OK in 47ms (Views: 45.9ms | ActiveRecord: 0.0ms)


Started POST "/users" for 127.0.0.1 at 2016-09-19 08:51:21 +0700
Processing by UsersController#create as HTML
  Parameters: {"utf8"=>"✓", "authenticity_token"=>"jto+tZn2g8zmauwEYQmZPMsq8yEwVxUAGx9RLgWrfTLniB8lnwcCTJ0apjL+OoeKlocvcRBWFED5P/6RtHt12g==", "user"=>{"name"=>"", "email"=>""}, "commit"=>"Create User"}
  [1m[35m (0.1ms)[0m  begin transaction
  [1m[36m (0.1ms)[0m  [1mrollback transaction[0m
  Rendered users/_form.html.erb (5.6ms)
  Rendered users/new.html.erb within layouts/application (7.1ms)
Completed 200 OK in 37ms (Views: 31.0ms | ActiveRecord: 0.3ms)


Started GET "/static_pages/home" for 127.0.0.1 at 2016-09-19 08:55:46 +0700
  [1m[36mActiveRecord::SchemaMigration Load (0.1ms)[0m  [1mSELECT "schema_migrations".* FROM "schema_migrations"[0m
Processing by StaticPagesController#home as HTML
  Rendered static_pages/home.html.erb within layouts/application (1.7ms)
Completed 200 OK in 1039ms (Views: 1014.2ms | ActiveRecord: 0.0ms)


Started GET "/assets/microposts.self-b60acab5af8d245ed2b3012f77d11d8d207d8eada27756badaf4ef05770d60f6.css?body=1" for 127.0.0.1 at 2016-09-19 08:55:47 +0700


Started GET "/assets/scaffold.self-83b741db49389dc7cfdf85bf7537a0219cce48e085c4116afc83d55c9af47c78.css?body=1" for 127.0.0.1 at 2016-09-19 08:55:47 +0700


Started GET "/assets/application.self-e80e8f2318043e8af94dddc2adad5a4f09739a8ebb323b3ab31cd71d45fd9113.css?body=1" for 127.0.0.1 at 2016-09-19 08:55:47 +0700


Started GET "/assets/static_pages.self-b60acab5af8d245ed2b3012f77d11d8d207d8eada27756badaf4ef05770d60f6.css?body=1" for 127.0.0.1 at 2016-09-19 08:55:48 +0700


Started GET "/assets/jquery.self-d03a5518f45df77341bdbe6201ba3bfa547ebba8ed64f0ea56bfa5f96ea7c074.js?body=1" for 127.0.0.1 at 2016-09-19 08:55:48 +0700


Started GET "/assets/users.self-b60acab5af8d245ed2b3012f77d11d8d207d8eada27756badaf4ef05770d60f6.css?body=1" for 127.0.0.1 at 2016-09-19 08:55:48 +0700


Started GET "/assets/jquery_ujs.self-8e98a7a072a6cee1372d19fff9ff3e6aa1e39a37d89d6f06861637d061113ee7.js?body=1" for 127.0.0.1 at 2016-09-19 08:55:48 +0700


Started GET "/assets/turbolinks.self-c846e670826600e8c91b1a5ada3e6547110d996cd6ff24cde55024f7a135a1b4.js?body=1" for 127.0.0.1 at 2016-09-19 08:55:48 +0700


Started GET "/assets/microposts.self-877aef30ae1b040ab8a3aba4e3e309a11d7f2612f44dde450b5c157aa5f95c05.js?body=1" for 127.0.0.1 at 2016-09-19 08:55:48 +0700


Started GET "/assets/users.self-877aef30ae1b040ab8a3aba4e3e309a11d7f2612f44dde450b5c157aa5f95c05.js?body=1" for 127.0.0.1 at 2016-09-19 08:55:48 +0700


Started GET "/assets/application.self-3b8dabdc891efe46b9a144b400ad69e37d7e5876bdc39dee783419a69d7ca819.js?body=1" for 127.0.0.1 at 2016-09-19 08:55:48 +0700


Started GET "/assets/static_pages.self-877aef30ae1b040ab8a3aba4e3e309a11d7f2612f44dde450b5c157aa5f95c05.js?body=1" for 127.0.0.1 at 2016-09-19 08:55:48 +0700


Started GET "/" for 127.0.0.1 at 2016-09-19 09:17:30 +0700
  [1m[36mActiveRecord::SchemaMigration Load (0.2ms)[0m  [1mSELECT "schema_migrations".* FROM "schema_migrations"[0m
Processing by StaticPagesController#home as HTML
  Rendered static_pages/home.html.erb within layouts/application (1.3ms)
Completed 200 OK in 1140ms (Views: 1088.6ms | ActiveRecord: 0.0ms)


Started GET "/" for 127.0.0.1 at 2016-09-19 09:55:42 +0700
  [1m[36mActiveRecord::SchemaMigration Load (0.2ms)[0m  [1mSELECT "schema_migrations".* FROM "schema_migrations"[0m
Processing by StaticPagesController#home as HTML
  Rendered static_pages/home.html.erb within layouts/application (1158.0ms)
Completed 200 OK in 1498ms (Views: 1453.8ms | ActiveRecord: 0.0ms)


Started GET "/assets/microposts.self-b60acab5af8d245ed2b3012f77d11d8d207d8eada27756badaf4ef05770d60f6.css?body=1" for 127.0.0.1 at 2016-09-19 09:55:44 +0700


Started GET "/assets/static_pages.self-b60acab5af8d245ed2b3012f77d11d8d207d8eada27756badaf4ef05770d60f6.css?body=1" for 127.0.0.1 at 2016-09-19 09:55:44 +0700


Started GET "/assets/scaffold.self-83b741db49389dc7cfdf85bf7537a0219cce48e085c4116afc83d55c9af47c78.css?body=1" for 127.0.0.1 at 2016-09-19 09:55:44 +0700


Started GET "/assets/users.self-b60acab5af8d245ed2b3012f77d11d8d207d8eada27756badaf4ef05770d60f6.css?body=1" for 127.0.0.1 at 2016-09-19 09:55:44 +0700


Started GET "/assets/application.self-e80e8f2318043e8af94dddc2adad5a4f09739a8ebb323b3ab31cd71d45fd9113.css?body=1" for 127.0.0.1 at 2016-09-19 09:55:44 +0700


Started GET "/assets/jquery.self-d03a5518f45df77341bdbe6201ba3bfa547ebba8ed64f0ea56bfa5f96ea7c074.js?body=1" for 127.0.0.1 at 2016-09-19 09:55:44 +0700


Started GET "/assets/jquery_ujs.self-8e98a7a072a6cee1372d19fff9ff3e6aa1e39a37d89d6f06861637d061113ee7.js?body=1" for 127.0.0.1 at 2016-09-19 09:55:44 +0700


Started GET "/assets/turbolinks.self-c846e670826600e8c91b1a5ada3e6547110d996cd6ff24cde55024f7a135a1b4.js?body=1" for 127.0.0.1 at 2016-09-19 09:55:44 +0700


Started GET "/assets/microposts.self-877aef30ae1b040ab8a3aba4e3e309a11d7f2612f44dde450b5c157aa5f95c05.js?body=1" for 127.0.0.1 at 2016-09-19 09:55:44 +0700


Started GET "/assets/static_pages.self-877aef30ae1b040ab8a3aba4e3e309a11d7f2612f44dde450b5c157aa5f95c05.js?body=1" for 127.0.0.1 at 2016-09-19 09:55:44 +0700


Started GET "/assets/users.self-877aef30ae1b040ab8a3aba4e3e309a11d7f2612f44dde450b5c157aa5f95c05.js?body=1" for 127.0.0.1 at 2016-09-19 09:55:44 +0700


Started GET "/assets/application.self-3b8dabdc891efe46b9a144b400ad69e37d7e5876bdc39dee783419a69d7ca819.js?body=1" for 127.0.0.1 at 2016-09-19 09:55:44 +0700


Started GET "/assets/rails-c094bc3a4bf50e5bb477109e5cb0d213af27ad75b481c4df249f50974dbeefe6.png" for 127.0.0.1 at 2016-09-19 09:55:44 +0700


Started GET "/" for 127.0.0.1 at 2016-09-19 10:06:27 +0700
  [1m[36mActiveRecord::SchemaMigration Load (0.2ms)[0m  [1mSELECT "schema_migrations".* FROM "schema_migrations"[0m
Processing by StaticPagesController#home as HTML
  Rendered static_pages/home.html.erb within layouts/application (5252.5ms)
Completed 500 Internal Server Error in 5506ms (ActiveRecord: 0.0ms)

ActionView::MissingTemplate (Missing partial layouts/_shim with {:locale=>[:en], :formats=>[:html], :variants=>[], :handlers=>[:erb, :builder, :raw, :ruby, :coffee, :jbuilder]}. Searched in:
  * "/var/lib/gems/2.3.0/gems/web-console-2.0.0.beta3/lib/action_dispatch/templates"
  * "/home/hanhttm/Desktop/TranHanh/app/views"
  * "/var/lib/gems/2.3.0/gems/web-console-2.0.0.beta3/app/views"
):
  app/views/layouts/application.html.erb:9:in `_app_views_layouts_application_html_erb___2687662898397046791_69856206650640'


  Rendered /var/lib/gems/2.3.0/gems/web-console-2.0.0.beta3/lib/action_dispatch/templates/rescues/missing_template.html.erb within rescues/layout (0.6ms)


Started GET "/" for 127.0.0.1 at 2016-09-19 10:07:04 +0700
Processing by StaticPagesController#home as HTML
  Rendered static_pages/home.html.erb within layouts/application (1.6ms)
Completed 500 Internal Server Error in 1982ms (ActiveRecord: 0.0ms)

ActionView::MissingTemplate (Missing partial layouts/_shim with {:locale=>[:en], :formats=>[:html], :variants=>[], :handlers=>[:erb, :builder, :raw, :ruby, :coffee, :jbuilder]}. Searched in:
  * "/var/lib/gems/2.3.0/gems/web-console-2.0.0.beta3/lib/action_dispatch/templates"
  * "/home/hanhttm/Desktop/TranHanh/app/views"
  * "/var/lib/gems/2.3.0/gems/web-console-2.0.0.beta3/app/views"
):
  app/views/layouts/application.html.erb:9:in `_app_views_layouts_application_html_erb___2687662898397046791_69856206650640'


  Rendered /var/lib/gems/2.3.0/gems/web-console-2.0.0.beta3/lib/action_dispatch/templates/rescues/missing_template.html.erb within rescues/layout (0.6ms)


Started GET "/" for 127.0.0.1 at 2016-09-19 10:07:07 +0700
Processing by StaticPagesController#home as HTML
  Rendered static_pages/home.html.erb within layouts/application (1.5ms)
Completed 500 Internal Server Error in 47ms (ActiveRecord: 0.0ms)

ActionView::MissingTemplate (Missing partial layouts/_shim with {:locale=>[:en], :formats=>[:html], :variants=>[], :handlers=>[:erb, :builder, :raw, :ruby, :coffee, :jbuilder]}. Searched in:
  * "/var/lib/gems/2.3.0/gems/web-console-2.0.0.beta3/lib/action_dispatch/templates"
  * "/home/hanhttm/Desktop/TranHanh/app/views"
  * "/var/lib/gems/2.3.0/gems/web-console-2.0.0.beta3/app/views"
):
  app/views/layouts/application.html.erb:9:in `_app_views_layouts_application_html_erb___2687662898397046791_69856206650640'


  Rendered /var/lib/gems/2.3.0/gems/web-console-2.0.0.beta3/lib/action_dispatch/templates/rescues/missing_template.html.erb within rescues/layout (0.5ms)


Started GET "/" for 127.0.0.1 at 2016-09-19 10:07:20 +0700
Processing by StaticPagesController#home as HTML
  Rendered static_pages/home.html.erb within layouts/application (1.9ms)
Completed 500 Internal Server Error in 44ms (ActiveRecord: 0.0ms)

ActionView::MissingTemplate (Missing partial layouts/_shim with {:locale=>[:en], :formats=>[:html], :variants=>[], :handlers=>[:erb, :builder, :raw, :ruby, :coffee, :jbuilder]}. Searched in:
  * "/var/lib/gems/2.3.0/gems/web-console-2.0.0.beta3/lib/action_dispatch/templates"
  * "/home/hanhttm/Desktop/TranHanh/app/views"
  * "/var/lib/gems/2.3.0/gems/web-console-2.0.0.beta3/app/views"
):
  app/views/layouts/application.html.erb:9:in `_app_views_layouts_application_html_erb___2687662898397046791_69856206650640'


  Rendered /var/lib/gems/2.3.0/gems/web-console-2.0.0.beta3/lib/action_dispatch/templates/rescues/missing_template.html.erb within rescues/layout (0.5ms)


Started GET "/" for 127.0.0.1 at 2016-09-19 10:07:24 +0700
Processing by StaticPagesController#home as HTML
  Rendered static_pages/home.html.erb within layouts/application (2.0ms)
Completed 500 Internal Server Error in 44ms (ActiveRecord: 0.0ms)

ActionView::MissingTemplate (Missing partial layouts/_shim with {:locale=>[:en], :formats=>[:html], :variants=>[], :handlers=>[:erb, :builder, :raw, :ruby, :coffee, :jbuilder]}. Searched in:
  * "/var/lib/gems/2.3.0/gems/web-console-2.0.0.beta3/lib/action_dispatch/templates"
  * "/home/hanhttm/Desktop/TranHanh/app/views"
  * "/var/lib/gems/2.3.0/gems/web-console-2.0.0.beta3/app/views"
):
  app/views/layouts/application.html.erb:9:in `_app_views_layouts_application_html_erb___2687662898397046791_69856206650640'


  Rendered /var/lib/gems/2.3.0/gems/web-console-2.0.0.beta3/lib/action_dispatch/templates/rescues/missing_template.html.erb within rescues/layout (0.6ms)


Started GET "/" for 127.0.0.1 at 2016-09-19 10:08:40 +0700
Processing by StaticPagesController#home as HTML
  Rendered static_pages/home.html.erb within layouts/application (1.7ms)
Completed 500 Internal Server Error in 45ms (ActiveRecord: 0.0ms)

ActionView::MissingTemplate (Missing partial layouts/_shim with {:locale=>[:en], :formats=>[:html], :variants=>[], :handlers=>[:erb, :builder, :raw, :ruby, :coffee, :jbuilder]}. Searched in:
  * "/var/lib/gems/2.3.0/gems/web-console-2.0.0.beta3/lib/action_dispatch/templates"
  * "/home/hanhttm/Desktop/TranHanh/app/views"
  * "/var/lib/gems/2.3.0/gems/web-console-2.0.0.beta3/app/views"
):
  app/views/layouts/application.html.erb:9:in `_app_views_layouts_application_html_erb___2687662898397046791_69856206650640'


  Rendered /var/lib/gems/2.3.0/gems/web-console-2.0.0.beta3/lib/action_dispatch/templates/rescues/missing_template.html.erb within rescues/layout (0.6ms)


Started GET "/" for 127.0.0.1 at 2016-09-19 10:09:32 +0700
Processing by StaticPagesController#home as HTML
  Rendered static_pages/home.html.erb within layouts/application (1.8ms)
Completed 500 Internal Server Error in 107ms (ActiveRecord: 0.0ms)

ActionView::MissingTemplate (Missing partial layouts/_shim with {:locale=>[:en], :formats=>[:html], :variants=>[], :handlers=>[:erb, :builder, :raw, :ruby, :coffee, :jbuilder]}. Searched in:
  * "/var/lib/gems/2.3.0/gems/web-console-2.0.0.beta3/lib/action_dispatch/templates"
  * "/home/hanhttm/Desktop/TranHanh/app/views"
  * "/var/lib/gems/2.3.0/gems/web-console-2.0.0.beta3/app/views"
):
  app/views/layouts/application.html.erb:9:in `_app_views_layouts_application_html_erb___2687662898397046791_69856206650640'


  Rendered /var/lib/gems/2.3.0/gems/web-console-2.0.0.beta3/lib/action_dispatch/templates/rescues/missing_template.html.erb within rescues/layout (0.6ms)


Started GET "/" for 127.0.0.1 at 2016-09-19 10:10:38 +0700
Processing by StaticPagesController#home as HTML
  Rendered static_pages/home.html.erb within layouts/application (1.5ms)
  Rendered layouts/_shim.html.erb (0.5ms)
  Rendered layouts/_header.html.erb (0.6ms)
  Rendered layouts/_footer.html.erb (0.4ms)
Completed 200 OK in 36ms (Views: 34.6ms | ActiveRecord: 0.0ms)
